d:\learning\c++\practice\niuke\niuke\debug\vc140.pdb
d:\learning\c++\practice\niuke\niuke\debug\vc140.idb
d:\learning\c++\practice\niuke\niuke\debug\main.obj
d:\learning\c++\practice\niuke\niuke\debug\main2.obj
d:\learning\c++\practice\niuke\niuke\debug\main3.obj
d:\learning\c++\practice\niuke\niuke\debug\main4.obj
d:\learning\c++\practice\niuke\niuke\debug\5最长公共字序列.obj
d:\learning\c++\practice\niuke\niuke\debug\3最大的偶窜长度.obj
d:\learning\c++\practice\niuke\niuke\debug\4k在数组中出现的次数.obj
d:\learning\c++\practice\niuke\niuke\debug\最少的回文个数.obj
d:\learning\c++\practice\niuke\niuke\debug\2最少的回文个数.obj
d:\learning\c++\practice\niuke\niuke\debug\sorting.obj
d:\learning\c++\practice\niuke\niuke\debug\1排序.obj
d:\learning\c++\practice\niuke\debug\niuke.ilk
d:\learning\c++\practice\niuke\debug\niuke.exe
d:\learning\c++\practice\niuke\debug\niuke.pdb
d:\learning\c++\practice\niuke\niuke\debug\niuke.tlog\cl.command.1.tlog
d:\learning\c++\practice\niuke\niuke\debug\niuke.tlog\cl.read.1.tlog
d:\learning\c++\practice\niuke\niuke\debug\niuke.tlog\cl.write.1.tlog
d:\learning\c++\practice\niuke\niuke\debug\niuke.tlog\link-cvtres.read.1.tlog
d:\learning\c++\practice\niuke\niuke\debug\niuke.tlog\link-cvtres.write.1.tlog
d:\learning\c++\practice\niuke\niuke\debug\niuke.tlog\link-rc.read.1.tlog
d:\learning\c++\practice\niuke\niuke\debug\niuke.tlog\link-rc.write.1.tlog
d:\learning\c++\practice\niuke\niuke\debug\niuke.tlog\link.2568-cvtres.read.1.tlog
d:\learning\c++\practice\niuke\niuke\debug\niuke.tlog\link.2568-cvtres.write.1.tlog
d:\learning\c++\practice\niuke\niuke\debug\niuke.tlog\link.2568-rc.read.1.tlog
d:\learning\c++\practice\niuke\niuke\debug\niuke.tlog\link.2568-rc.write.1.tlog
d:\learning\c++\practice\niuke\niuke\debug\niuke.tlog\link.2568.read.1.tlog
d:\learning\c++\practice\niuke\niuke\debug\niuke.tlog\link.2568.write.1.tlog
d:\learning\c++\practice\niuke\niuke\debug\niuke.tlog\link.command.1.tlog
d:\learning\c++\practice\niuke\niuke\debug\niuke.tlog\link.read.1.tlog
d:\learning\c++\practice\niuke\niuke\debug\niuke.tlog\link.write.1.tlog
