生成启动时间为 2017/9/17 16:24:34。
     1>项目“D:\learning\C++\Practice\剑指offer\剑指Offer\剑指Offer\剑指Offer.vcxproj”在节点 2 上(Build 个目标)。
     1>ClCompile:
         E:\Application\VS2015\VC\bin\CL.exe /c /ZI /nologo /W3 /WX- /sdl /Od /Oy- /D WIN32 /D _DEBUG /D _CONSOLE /D _CRT_SECURE_NO_WARNINGS /D _UNICODE /D UNICODE /Gm /EHsc /RTC1 /MDd /GS /fp:precise /Zc:wchar_t /Zc:forScope /Zc:inline /Fo"Debug\\" /Fd"Debug\vc140.pdb" /Gd /TP /analyze- /errorReport:prompt "38数字在排序数组中出现的次数.cpp"
         38数字在排序数组中出现的次数.cpp
     1>d:\learning\c++\practice\剑指offer\剑指offer\剑指offer\38数字在排序数组中出现的次数.cpp(74): warning C4018: “<=”: 有符号/无符号不匹配
       Link:
         E:\Application\VS2015\VC\bin\link.exe /ERRORREPORT:PROMPT /OUT:"D:\learning\C++\Practice\剑指offer\剑指Offer\Debug\剑指Offer.exe" /INCREMENTAL /NOLOGO kernel32.lib user32.lib gdi32.lib winspool.lib comdlg32.lib advapi32.lib shell32.lib ole32.lib oleaut32.lib uuid.lib odbc32.lib odbccp32.lib /MANIFEST /MANIFESTUAC:"level='asInvoker' uiAccess='false'" /manifest:embed /Debug /PDB:"D:\learning\C++\Practice\剑指offer\剑指Offer\Debug\剑指Offer.pdb" /SUBSYSTEM:CONSOLE /TLBID:1 /DYNAMICBASE /NXCOMPAT /IMPLIB:"D:\learning\C++\Practice\剑指offer\剑指Offer\Debug\剑指Offer.lib" /MACHINE:X86 "Debug\10跳台阶.obj"
         "Debug\11二进制中一个个数.obj"
         "Debug\12数值的整数次方.obj"
         "Debug\13打印从1到最大的n位数.obj"
         "Debug\14_2调整数组顺序是奇数位于偶数前面.obj"
         "Debug\14_1在O(1)的时间内删除链表.obj"
         "Debug\15链表中倒数第k个结点.obj"
         "Debug\16反转链表.obj"
         "Debug\17合并链表.obj"
         "Debug\18树的子结构.obj"
         "Debug\19二叉树的镜像.obj"
         "Debug\1类的设计.obj"
         "Debug\23从上往下打印二叉树.obj"
         "Debug\22栈的压入和弹出序列.obj"
         "Debug\24二叉搜索树的后序遍历.obj"
         "Debug\25二叉树中和为某一值的路径.obj"
         "Debug\26复杂链表的复制.obj"
         "Debug\27二叉搜索树与双向链表.obj"
         "Debug\28字符串的排序.obj"
         "Debug\29数组中出现次数超过一半的数字.obj"
         "Debug\2实现Singleton模式.obj"
         "Debug\30最小的k个数.obj"
         "Debug\31连续子数组的最大和.obj"
         "Debug\32从1到n整数中1出现的次数.obj"
         "Debug\33把数组排成最小的数.obj"
         "Debug\34丑数.obj"
         "Debug\35第一个只出现一次的字符.obj"
         "Debug\36数组中的逆序对数.obj"
         "Debug\38数字在排序数组中出现的次数.obj"
         "Debug\3二维数组中的查找.obj"
         "Debug\4空格替换.obj"
         "Debug\5重尾到头打印链表.obj"
         "Debug\6重建二叉树.obj"
         "Debug\7两个栈实现一个队列.obj"
         "Debug\8旋转数组的最小数字.obj"
         "Debug\9斐波那契数列.obj"
         "Debug\20顺时针打印矩阵.obj"
         "Debug\21包含min的函数栈.obj"
         "Debug\37两个链表的第一个公共结点.obj"
         剑指Offer.vcxproj -> D:\learning\C++\Practice\剑指offer\剑指Offer\Debug\剑指Offer.exe
     1>已完成生成项目“D:\learning\C++\Practice\剑指offer\剑指Offer\剑指Offer\剑指Offer.vcxproj”(Build 个目标)的操作。

已成功生成。

已用时间 00:00:01.00
