d:\learning\c++\practice\剑指offer\剑指offer\剑指offer\debug\vc140.pdb
d:\learning\c++\practice\剑指offer\剑指offer\剑指offer\debug\vc140.idb
d:\learning\c++\practice\剑指offer\剑指offer\剑指offer\debug\1类的设计.obj
d:\learning\c++\practice\剑指offer\剑指offer\剑指offer\debug\2实现singleton模式.obj
d:\learning\c++\practice\剑指offer\剑指offer\剑指offer\debug\3二维数组中的查找.obj
d:\learning\c++\practice\剑指offer\剑指offer\剑指offer\debug\6重建二叉树.obj
d:\learning\c++\practice\剑指offer\剑指offer\剑指offer\debug\7两个栈实现一个队列.obj
d:\learning\c++\practice\剑指offer\剑指offer\剑指offer\debug\4空格替换.obj
d:\learning\c++\practice\剑指offer\剑指offer\剑指offer\debug\5重尾到头打印链表.obj
d:\learning\c++\practice\剑指offer\剑指offer\剑指offer\debug\10跳台阶.obj
d:\learning\c++\practice\剑指offer\剑指offer\剑指offer\debug\11二进制中一个个数.obj
d:\learning\c++\practice\剑指offer\剑指offer\剑指offer\debug\9斐波那契数列.obj
d:\learning\c++\practice\剑指offer\剑指offer\剑指offer\debug\13打印从1到最大的n位数.obj
d:\learning\c++\practice\剑指offer\剑指offer\剑指offer\debug\8旋转数组的最小数字.obj
d:\learning\c++\practice\剑指offer\剑指offer\剑指offer\debug\12数值的整数次方.obj
d:\learning\c++\practice\剑指offer\剑指offer\剑指offer\debug\14在o(1)的时间内删除链表.obj
d:\learning\c++\practice\剑指offer\剑指offer\debug\剑指offer.pdb
d:\learning\c++\practice\剑指offer\剑指offer\剑指offer\debug\剑指offer.tlog\cl.command.1.tlog
d:\learning\c++\practice\剑指offer\剑指offer\剑指offer\debug\剑指offer.tlog\cl.read.1.tlog
d:\learning\c++\practice\剑指offer\剑指offer\剑指offer\debug\剑指offer.tlog\cl.write.1.tlog
d:\learning\c++\practice\剑指offer\剑指offer\剑指offer\debug\剑指offer.tlog\link-cvtres.read.1.tlog
d:\learning\c++\practice\剑指offer\剑指offer\剑指offer\debug\剑指offer.tlog\link-cvtres.write.1.tlog
d:\learning\c++\practice\剑指offer\剑指offer\剑指offer\debug\剑指offer.tlog\link-rc.read.1.tlog
d:\learning\c++\practice\剑指offer\剑指offer\剑指offer\debug\剑指offer.tlog\link-rc.write.1.tlog
d:\learning\c++\practice\剑指offer\剑指offer\剑指offer\debug\剑指offer.tlog\link.command.1.tlog
d:\learning\c++\practice\剑指offer\剑指offer\剑指offer\debug\剑指offer.tlog\link.read.1.tlog
d:\learning\c++\practice\剑指offer\剑指offer\剑指offer\debug\剑指offer.tlog\link.write.1.tlog
